TN:
SF:src\index.js
FN:11,(anonymous_0)
FN:16,(anonymous_1)
FNF:2
FNH:0
FNDA:0,(anonymous_0)
FNDA:0,(anonymous_1)
DA:5,1
DA:6,1
DA:8,1
DA:9,1
DA:11,1
DA:12,0
DA:15,1
DA:16,0
DA:17,0
LF:9
LH:6
BRDA:6,0,0,1
BRDA:6,0,1,0
BRDA:15,1,0,0
BRDA:15,1,1,1
BRF:4
BRH:2
end_of_record
TN:
SF:src\config\db.js
FN:14,(anonymous_0)
FNF:1
FNH:1
FNDA:1,(anonymous_0)
DA:4,1
DA:6,1
DA:14,1
DA:15,1
LF:4
LH:4
BRDA:11,0,0,1
BRDA:11,0,1,0
BRF:2
BRH:1
end_of_record
TN:
SF:src\controllers\postsController.js
FN:5,(anonymous_0)
FN:17,(anonymous_1)
FN:40,(anonymous_2)
FN:58,(anonymous_3)
FN:84,(anonymous_4)
FN:104,(anonymous_5)
FNF:6
FNH:5
FNDA:1,(anonymous_0)
FNDA:2,(anonymous_1)
FNDA:1,(anonymous_2)
FNDA:0,(anonymous_3)
FNDA:2,(anonymous_4)
FNDA:1,(anonymous_5)
DA:3,1
DA:6,1
DA:7,1
DA:10,1
DA:12,0
DA:13,0
DA:18,2
DA:20,2
DA:21,1
DA:26,1
DA:28,1
DA:29,1
DA:31,1
DA:33,1
DA:35,0
DA:36,0
DA:41,1
DA:42,1
DA:43,1
DA:47,1
DA:48,0
DA:51,1
DA:53,0
DA:54,0
DA:59,0
DA:60,0
DA:62,0
DA:63,0
DA:69,0
DA:71,0
DA:72,0
DA:77,0
DA:79,0
DA:80,0
DA:85,2
DA:87,2
DA:88,1
DA:91,1
DA:92,1
DA:93,1
DA:95,1
DA:97,1
DA:99,0
DA:100,0
DA:105,1
DA:107,1
DA:108,1
DA:110,1
DA:111,0
DA:114,1
DA:116,0
DA:117,0
LF:52
LH:30
BRDA:20,0,0,1
BRDA:20,0,1,1
BRDA:20,1,0,2
BRDA:20,1,1,2
BRDA:20,1,2,1
BRDA:47,2,0,0
BRDA:47,2,1,1
BRDA:71,3,0,0
BRDA:71,3,1,0
BRDA:87,4,0,1
BRDA:87,4,1,1
BRDA:110,5,0,0
BRDA:110,5,1,1
BRF:13
BRH:9
end_of_record
TN:
SF:src\routes\posts.js
FNF:0
FNH:0
DA:4,1
DA:6,1
DA:7,1
DA:8,1
DA:9,1
DA:10,1
DA:11,1
LF:7
LH:7
BRF:0
BRH:0
end_of_record
